
Scratch directory: /tmp/
   => Libint2 <=

    Primary   basis highest AM E, G, H:  5, 4, 3
    Auxiliary basis highest AM E, G, H:  6, 5, 4
    Onebody   basis highest AM E, G, H:  6, 5, 4
    Solid Harmonics ordering:            gaussian

*** tstart() called on CHEMYY31VALT
*** at Thu Apr 18 12:46:38 2024

   => Loading Basis Set <=

    Name: CC-PVQZ
    Role: ORBITAL
    Keyword: BASIS
    atoms 1 entry H          line    22 file /Users/jfoley19/Code/psi4/objdir-Release/stage/share/psi4/basis/cc-pvqz.gbs 
    atoms 2 entry HE         line    46 file /Users/jfoley19/Code/psi4/objdir-Release/stage/share/psi4/basis/cc-pvqz.gbs 


         ---------------------------------------------------------
                                   SCF
               by Justin Turney, Rob Parrish, Andy Simmonett
                          and Daniel G. A. Smith
                              RHF Reference
                        1 Threads,    500 MiB Core
         ---------------------------------------------------------

  ==> Geometry <==

    Molecular point group: c1
    Full point group: C_inf_v

    Geometry (in Angstrom), charge = 1, multiplicity = 1:

       Center              X                  Y                   Z               Mass       
    ------------   -----------------  -----------------  -----------------  -----------------
         H            0.000000000000     0.000000000000    -0.619919890341     1.007825032230
         HE           0.000000000000     0.000000000000     0.156091109659     4.002603254130

  Running in c1 symmetry.

  Rotational constants: A = ************  B =     34.77026  C =     34.77026 [cm^-1]
  Rotational constants: A = ************  B = 1042386.09568  C = 1042386.09568 [MHz]
  Nuclear repulsion =    1.363839457610781

  Charge       = 1
  Multiplicity = 1
  Electrons    = 2
  Nalpha       = 1
  Nbeta        = 1

  ==> Algorithm <==

  SCF Algorithm Type is PK.
  DIIS enabled.
  MOM disabled.
  Fractional occupation disabled.
  Guess Type is SAD.
  Energy threshold   = 1.00e-10
  Density threshold  = 1.00e-10
  Integral threshold = 1.00e-12

  ==> Primary Basis <==

  Basis Set: CC-PVQZ
    Blend: CC-PVQZ
    Number of shells: 20
    Number of basis functions: 60
    Number of Cartesian functions: 70
    Spherical Harmonics?: true
    Max angular momentum: 3

  ==> Integral Setup <==

  Using in-core PK algorithm.
   Calculation information:
      Number of atoms:                   2
      Number of AO shells:              20
      Number of primitives:             25
      Number of atomic orbitals:        70
      Number of basis functions:        60

      Integral cutoff                 1.00e-12
      Number of threads:                 1

  Performing in-core PK
  Using 3350730 doubles for integral storage.
  We computed 22155 shell quartets total.
  Whereas there are 22155 unique shell quartets.

  ==> DiskJK: Disk-Based J/K Matrices <==

    J tasked:                  Yes
    K tasked:                  Yes
    wK tasked:                  No
    Memory [MiB]:              375
    Schwarz Cutoff:          1E-12

    OpenMP threads:              1

  Minimum eigenvalue in the overlap matrix is 1.4005301267E-03.
  Reciprocal condition number of the overlap matrix is 2.8879163048E-04.
    Using symmetric orthogonalization.

  ==> Pre-Iterations <==

  SCF Guess: Superposition of Atomic Densities via on-the-fly atomic UHF (no occupation information).

   -------------------------
    Irrep   Nso     Nmo    
   -------------------------
     A         60      60 
   -------------------------
    Total      60      60
   -------------------------

  ==> Iterations <==

                        Total Energy        Delta E     RMS |[F,P]|

   @RHF iter SAD:    -3.46978411052697   -3.46978e+00   0.00000e+00 
   @RHF iter   1:    -2.91118482677542    5.58599e-01   3.19543e-03 DIIS/ADIIS
   @RHF iter   2:    -2.93231797201737   -2.11331e-02   4.88345e-04 DIIS/ADIIS
   @RHF iter   3:    -2.93285858273919   -5.40611e-04   3.74835e-05 DIIS
   @RHF iter   4:    -2.93286166070008   -3.07796e-06   2.32051e-06 DIIS
   @RHF iter   5:    -2.93286167229684   -1.15968e-08   2.09020e-07 DIIS
   @RHF iter   6:    -2.93286167240974   -1.12893e-10   7.06762e-09 DIIS
   @RHF iter   7:    -2.93286167240984   -1.01252e-13   3.23520e-10 DIIS
   @RHF iter   8:    -2.93286167240987   -3.15303e-14   1.43998e-11 DIIS
  Energy and wave function converged.


  ==> Post-Iterations <==

    Orbital Energies [Eh]
    ---------------------

    Doubly Occupied:                                                      

       1A     -1.632708  

    Virtual:                                                              

       2A     -0.269381     3A     -0.047695     4A      0.123604  
       5A      0.123604     6A      0.225770     7A      0.466704  
       8A      0.807710     9A      0.869555    10A      0.869555  
      11A      1.489765    12A      1.583302    13A      1.583302  
      14A      1.825225    15A      1.825225    16A      2.015195  
      17A      2.015195    18A      2.017856    19A      2.450467  
      20A      2.811684    21A      3.587110    22A      3.587110  
      23A      4.230256    24A      4.230256    25A      4.645792  
      26A      4.718944    27A      4.718944    28A      5.230811  
      29A      5.489474    30A      5.489474    31A      6.062964  
      32A      6.062964    33A      6.724336    34A      6.874597  
      35A      6.874597    36A      7.123315    37A      7.123315  
      38A      7.476388    39A      7.476388    40A      7.656877  
      41A      8.513608    42A      8.525705    43A      8.525705  
      44A     10.163382    45A     11.084466    46A     11.084466  
      47A     12.195651    48A     12.195651    49A     13.422890  
      50A     13.966336    51A     13.966336    52A     14.830333  
      53A     15.732695    54A     15.732695    55A     16.395615  
      56A     16.395615    57A     18.212856    58A     18.212856  
      59A     18.291293    60A     21.739271  

    Final Occupation by Irrep:
              A 
    DOCC [     1 ]
    NA   [     1 ]
    NB   [     1 ]

  @RHF Final Energy:    -2.93286167240987

   => Energetics <=

    Nuclear Repulsion Energy =              1.3638394576107813
    One-Electron Energy =                  -5.3279863422180114
    Two-Electron Energy =                   1.0312852121973597
    Total Energy =                         -2.9328616724098704

Computation Completed


Properties will be evaluated at   0.000000,   0.000000,   0.000000 [a0]

Properties computed using the SCF density matrix


 Multipole Moments:

 ------------------------------------------------------------------------------------
     Multipole            Electronic (a.u.)      Nuclear  (a.u.)        Total (a.u.)
 ------------------------------------------------------------------------------------

 L = 1.  Multiply by 2.5417464519 to convert [e a0] to [Debye]
 Dipole X            :          0.0000000            0.0000000            0.0000000
 Dipole Y            :          0.0000000            0.0000000            0.0000000
 Dipole Z            :         -0.1242738           -0.5815399           -0.7058137
 Magnitude           :                                                    0.7058137

 ------------------------------------------------------------------------------------

*** tstop() called on CHEMYY31VALT at Thu Apr 18 12:46:39 2024
Module time:
	user time   =       0.19 seconds =       0.00 minutes
	system time =       0.04 seconds =       0.00 minutes
	total time  =          1 seconds =       0.02 minutes
Total time:
	user time   =       0.19 seconds =       0.00 minutes
	system time =       0.04 seconds =       0.00 minutes
	total time  =          1 seconds =       0.02 minutes
   => Loading Basis Set <=

    Name: CC-PVQZ
    Role: ORBITAL
    Keyword: BASIS
    atoms 1 entry H          line    22 file /Users/jfoley19/Code/psi4/objdir-Release/stage/share/psi4/basis/cc-pvqz.gbs 
    atoms 2 entry HE         line    46 file /Users/jfoley19/Code/psi4/objdir-Release/stage/share/psi4/basis/cc-pvqz.gbs 

